<?xml version="1.0" encoding="UTF-8"?>
<!-- Generated by org.testng.reporters.JUnitXMLReporter -->
<testsuite ignored="2" hostname="LAPTOP-74RT8JJQ" failures="0" tests="1" name="Default test" time="0.064" errors="0" timestamp="2023-04-23T10:10:48 IST">
  <testcase classname="LaunchChrome" name="run" time="0.016">
    <skipped/>
  </testcase> <!-- run -->
  <testcase classname="LaunchChrome" name="launch" time="0.0">
    <ignored/>
  </testcase> <!-- launch -->
  <testcase classname="LaunchChrome" name="runFast" time="0.0">
    <ignored/>
  </testcase> <!-- runFast -->
</testsuite> <!-- Default test -->
